2021-09-11 19:32:38,284 INFO c.e.d.SareetaApplication [main] Starting SareetaApplication on Abdullahs-MacBook-Pro-2.local with PID 41625 (/Users/abdullah/dev-java/udacity_javaweb/module-4/project-4/P04-eCommerce Application/target/classes started by abdullah in /Users/abdullah/dev-java/udacity_javaweb/module-4/project-4/P04-eCommerce Application)
2021-09-11 19:32:38,291 DEBUG c.e.d.SareetaApplication [main] Running with Spring Boot v2.3.2.RELEASE, Spring v5.2.8.RELEASE
2021-09-11 19:32:38,292 INFO c.e.d.SareetaApplication [main] No active profile set, falling back to default profiles: default
2021-09-11 19:32:40,824 DEBUG c.e.d.s.JWTAuthenticationVerficationFilter [main] Filter 'JWTAuthenticationVerficationFilter' configured for use
2021-09-11 19:32:41,324 INFO c.e.d.SareetaApplication [main] Started SareetaApplication in 3.394 seconds (JVM running for 4.21)
2021-09-11 19:32:48,709 INFO c.e.d.c.UserController [http-nio-8080-exec-1] mesg = 'User bob is created successfully.'
2021-09-11 19:32:54,654 INFO c.e.d.c.UserController [http-nio-8080-exec-3] mesg = 'User bob1 is created successfully.'
2021-09-11 19:32:59,210 INFO c.e.d.c.UserController [http-nio-8080-exec-4] mesg = 'User bob2 is created successfully.'
2021-09-11 19:33:03,368 INFO c.e.d.c.UserController [http-nio-8080-exec-5] mesg = 'User bob3 is created successfully.'
2021-09-11 19:33:17,881 INFO c.e.d.c.UserController [http-nio-8080-exec-6] mesg = 'Order submitted successfully for user bob'
2021-09-11 19:33:27,848 INFO c.e.d.c.UserController [http-nio-8080-exec-9] mesg = 'Order submitted successfully for user bob'
2021-09-11 19:33:28,795 INFO c.e.d.c.UserController [http-nio-8080-exec-10] mesg = 'Order submitted successfully for user bob'
2021-09-11 19:33:29,617 INFO c.e.d.c.UserController [http-nio-8080-exec-2] mesg = 'Order submitted successfully for user bob'
2021-09-11 19:33:30,307 INFO c.e.d.c.UserController [http-nio-8080-exec-1] mesg = 'Order submitted successfully for user bob'
2021-09-11 19:33:57,029 INFO c.e.d.c.UserController [http-nio-8080-exec-4] mesg = 'Order submitted successfully for user bob2'
2021-09-11 19:34:09,535 INFO c.e.d.c.UserController [http-nio-8080-exec-7] mesg = 'Order submitted successfully for user bob2'
2021-09-11 19:34:10,457 INFO c.e.d.c.UserController [http-nio-8080-exec-8] mesg = 'Order submitted successfully for user bob2'
2021-09-11 22:28:55,794 INFO c.e.d.SareetaApplication [main] Starting SareetaApplication on Abdullahs-MacBook-Pro-2.local with PID 43508 (/Users/abdullah/dev-java/udacity_javaweb/module-4/project-4/P04-eCommerce Application/target/classes started by abdullah in /Users/abdullah/dev-java/udacity_javaweb/module-4/project-4/P04-eCommerce Application)
2021-09-11 22:28:55,801 DEBUG c.e.d.SareetaApplication [main] Running with Spring Boot v2.3.2.RELEASE, Spring v5.2.8.RELEASE
2021-09-11 22:28:55,802 INFO c.e.d.SareetaApplication [main] No active profile set, falling back to default profiles: default
2021-09-11 22:28:58,682 DEBUG c.e.d.s.JWTAuthenticationVerficationFilter [main] Filter 'JWTAuthenticationVerficationFilter' configured for use
2021-09-11 22:28:59,309 INFO c.e.d.SareetaApplication [main] Started SareetaApplication in 3.819 seconds (JVM running for 4.679)
2021-09-11 22:30:36,557 INFO c.e.d.SareetaApplication [main] Starting SareetaApplication on Abdullahs-MacBook-Pro-2.local with PID 43584 (/Users/abdullah/dev-java/udacity_javaweb/module-4/project-4/P04-eCommerce Application/target/classes started by abdullah in /Users/abdullah/dev-java/udacity_javaweb/module-4/project-4/P04-eCommerce Application)
2021-09-11 22:30:36,562 DEBUG c.e.d.SareetaApplication [main] Running with Spring Boot v2.3.2.RELEASE, Spring v5.2.8.RELEASE
2021-09-11 22:30:36,562 INFO c.e.d.SareetaApplication [main] No active profile set, falling back to default profiles: default
2021-09-11 22:30:38,811 DEBUG c.e.d.s.JWTAuthenticationVerficationFilter [main] Filter 'JWTAuthenticationVerficationFilter' configured for use
2021-09-11 22:30:39,420 INFO c.e.d.SareetaApplication [main] Started SareetaApplication in 3.122 seconds (JVM running for 3.816)
2021-09-11 22:30:50,892 DEBUG c.e.d.s.JWTAuthenticationFilter [http-nio-8080-exec-1] Request is to process authentication
2021-09-11 22:30:51,181 DEBUG c.e.d.s.JWTAuthenticationFilter [http-nio-8080-exec-1] Authentication request failed: org.springframework.security.authentication.BadCredentialsException: Bad credentials
org.springframework.security.authentication.BadCredentialsException: Bad credentials
	at org.springframework.security.authentication.dao.AbstractUserDetailsAuthenticationProvider.authenticate(AbstractUserDetailsAuthenticationProvider.java:151) ~[spring-security-core-5.3.3.RELEASE.jar:5.3.3.RELEASE]
	at org.springframework.security.authentication.ProviderManager.authenticate(ProviderManager.java:199) ~[spring-security-core-5.3.3.RELEASE.jar:5.3.3.RELEASE]
	at com.example.demo.security.JWTAuthenticationFilter.attemptAuthentication(JWTAuthenticationFilter.java:39) ~[classes/:?]
	at org.springframework.security.web.authentication.AbstractAuthenticationProcessingFilter.doFilter(AbstractAuthenticationProcessingFilter.java:212) [spring-security-web-5.3.3.RELEASE.jar:5.3.3.RELEASE]
	at org.springframework.security.web.FilterChainProxy$VirtualFilterChain.doFilter(FilterChainProxy.java:334) [spring-security-web-5.3.3.RELEASE.jar:5.3.3.RELEASE]
	at org.springframework.security.web.authentication.logout.LogoutFilter.doFilter(LogoutFilter.java:116) [spring-security-web-5.3.3.RELEASE.jar:5.3.3.RELEASE]
	at org.springframework.security.web.FilterChainProxy$VirtualFilterChain.doFilter(FilterChainProxy.java:334) [spring-security-web-5.3.3.RELEASE.jar:5.3.3.RELEASE]
	at org.springframework.web.filter.CorsFilter.doFilterInternal(CorsFilter.java:92) [spring-web-5.2.8.RELEASE.jar:5.2.8.RELEASE]
	at org.springframework.web.filter.OncePerRequestFilter.doFilter(OncePerRequestFilter.java:119) [spring-web-5.2.8.RELEASE.jar:5.2.8.RELEASE]
	at org.springframework.security.web.FilterChainProxy$VirtualFilterChain.doFilter(FilterChainProxy.java:334) [spring-security-web-5.3.3.RELEASE.jar:5.3.3.RELEASE]
	at org.springframework.security.web.header.HeaderWriterFilter.doHeadersAfter(HeaderWriterFilter.java:92) [spring-security-web-5.3.3.RELEASE.jar:5.3.3.RELEASE]
	at org.springframework.security.web.header.HeaderWriterFilter.doFilterInternal(HeaderWriterFilter.java:77) [spring-security-web-5.3.3.RELEASE.jar:5.3.3.RELEASE]
	at org.springframework.web.filter.OncePerRequestFilter.doFilter(OncePerRequestFilter.java:119) [spring-web-5.2.8.RELEASE.jar:5.2.8.RELEASE]
	at org.springframework.security.web.FilterChainProxy$VirtualFilterChain.doFilter(FilterChainProxy.java:334) [spring-security-web-5.3.3.RELEASE.jar:5.3.3.RELEASE]
	at org.springframework.security.web.context.SecurityContextPersistenceFilter.doFilter(SecurityContextPersistenceFilter.java:105) [spring-security-web-5.3.3.RELEASE.jar:5.3.3.RELEASE]
	at org.springframework.security.web.FilterChainProxy$VirtualFilterChain.doFilter(FilterChainProxy.java:334) [spring-security-web-5.3.3.RELEASE.jar:5.3.3.RELEASE]
	at org.springframework.security.web.context.request.async.WebAsyncManagerIntegrationFilter.doFilterInternal(WebAsyncManagerIntegrationFilter.java:56) [spring-security-web-5.3.3.RELEASE.jar:5.3.3.RELEASE]
	at org.springframework.web.filter.OncePerRequestFilter.doFilter(OncePerRequestFilter.java:119) [spring-web-5.2.8.RELEASE.jar:5.2.8.RELEASE]
	at org.springframework.security.web.FilterChainProxy$VirtualFilterChain.doFilter(FilterChainProxy.java:334) [spring-security-web-5.3.3.RELEASE.jar:5.3.3.RELEASE]
	at org.springframework.security.web.FilterChainProxy.doFilterInternal(FilterChainProxy.java:215) [spring-security-web-5.3.3.RELEASE.jar:5.3.3.RELEASE]
	at org.springframework.security.web.FilterChainProxy.doFilter(FilterChainProxy.java:178) [spring-security-web-5.3.3.RELEASE.jar:5.3.3.RELEASE]
	at org.springframework.web.filter.DelegatingFilterProxy.invokeDelegate(DelegatingFilterProxy.java:358) [spring-web-5.2.8.RELEASE.jar:5.2.8.RELEASE]
	at org.springframework.web.filter.DelegatingFilterProxy.doFilter(DelegatingFilterProxy.java:271) [spring-web-5.2.8.RELEASE.jar:5.2.8.RELEASE]
	at org.apache.catalina.core.ApplicationFilterChain.internalDoFilter(ApplicationFilterChain.java:193) [tomcat-embed-core-9.0.37.jar:9.0.37]
	at org.apache.catalina.core.ApplicationFilterChain.doFilter(ApplicationFilterChain.java:166) [tomcat-embed-core-9.0.37.jar:9.0.37]
	at org.springframework.web.filter.RequestContextFilter.doFilterInternal(RequestContextFilter.java:100) [spring-web-5.2.8.RELEASE.jar:5.2.8.RELEASE]
	at org.springframework.web.filter.OncePerRequestFilter.doFilter(OncePerRequestFilter.java:119) [spring-web-5.2.8.RELEASE.jar:5.2.8.RELEASE]
	at org.apache.catalina.core.ApplicationFilterChain.internalDoFilter(ApplicationFilterChain.java:193) [tomcat-embed-core-9.0.37.jar:9.0.37]
	at org.apache.catalina.core.ApplicationFilterChain.doFilter(ApplicationFilterChain.java:166) [tomcat-embed-core-9.0.37.jar:9.0.37]
	at org.springframework.web.filter.FormContentFilter.doFilterInternal(FormContentFilter.java:93) [spring-web-5.2.8.RELEASE.jar:5.2.8.RELEASE]
	at org.springframework.web.filter.OncePerRequestFilter.doFilter(OncePerRequestFilter.java:119) [spring-web-5.2.8.RELEASE.jar:5.2.8.RELEASE]
	at org.apache.catalina.core.ApplicationFilterChain.internalDoFilter(ApplicationFilterChain.java:193) [tomcat-embed-core-9.0.37.jar:9.0.37]
	at org.apache.catalina.core.ApplicationFilterChain.doFilter(ApplicationFilterChain.java:166) [tomcat-embed-core-9.0.37.jar:9.0.37]
	at org.springframework.web.filter.CharacterEncodingFilter.doFilterInternal(CharacterEncodingFilter.java:201) [spring-web-5.2.8.RELEASE.jar:5.2.8.RELEASE]
	at org.springframework.web.filter.OncePerRequestFilter.doFilter(OncePerRequestFilter.java:119) [spring-web-5.2.8.RELEASE.jar:5.2.8.RELEASE]
	at org.apache.catalina.core.ApplicationFilterChain.internalDoFilter(ApplicationFilterChain.java:193) [tomcat-embed-core-9.0.37.jar:9.0.37]
	at org.apache.catalina.core.ApplicationFilterChain.doFilter(ApplicationFilterChain.java:166) [tomcat-embed-core-9.0.37.jar:9.0.37]
	at org.apache.catalina.core.StandardWrapperValve.invoke(StandardWrapperValve.java:202) [tomcat-embed-core-9.0.37.jar:9.0.37]
	at org.apache.catalina.core.StandardContextValve.invoke(StandardContextValve.java:96) [tomcat-embed-core-9.0.37.jar:9.0.37]
	at org.apache.catalina.authenticator.AuthenticatorBase.invoke(AuthenticatorBase.java:541) [tomcat-embed-core-9.0.37.jar:9.0.37]
	at org.apache.catalina.core.StandardHostValve.invoke(StandardHostValve.java:139) [tomcat-embed-core-9.0.37.jar:9.0.37]
	at org.apache.catalina.valves.ErrorReportValve.invoke(ErrorReportValve.java:92) [tomcat-embed-core-9.0.37.jar:9.0.37]
	at org.apache.catalina.core.StandardEngineValve.invoke(StandardEngineValve.java:74) [tomcat-embed-core-9.0.37.jar:9.0.37]
	at org.apache.catalina.connector.CoyoteAdapter.service(CoyoteAdapter.java:343) [tomcat-embed-core-9.0.37.jar:9.0.37]
	at org.apache.coyote.http11.Http11Processor.service(Http11Processor.java:373) [tomcat-embed-core-9.0.37.jar:9.0.37]
	at org.apache.coyote.AbstractProcessorLight.process(AbstractProcessorLight.java:65) [tomcat-embed-core-9.0.37.jar:9.0.37]
	at org.apache.coyote.AbstractProtocol$ConnectionHandler.process(AbstractProtocol.java:868) [tomcat-embed-core-9.0.37.jar:9.0.37]
	at org.apache.tomcat.util.net.NioEndpoint$SocketProcessor.doRun(NioEndpoint.java:1589) [tomcat-embed-core-9.0.37.jar:9.0.37]
	at org.apache.tomcat.util.net.SocketProcessorBase.run(SocketProcessorBase.java:49) [tomcat-embed-core-9.0.37.jar:9.0.37]
	at java.util.concurrent.ThreadPoolExecutor.runWorker(ThreadPoolExecutor.java:1130) [?:?]
	at java.util.concurrent.ThreadPoolExecutor$Worker.run(ThreadPoolExecutor.java:630) [?:?]
	at org.apache.tomcat.util.threads.TaskThread$WrappingRunnable.run(TaskThread.java:61) [tomcat-embed-core-9.0.37.jar:9.0.37]
	at java.lang.Thread.run(Thread.java:831) [?:?]
2021-09-11 22:30:51,188 DEBUG c.e.d.s.JWTAuthenticationFilter [http-nio-8080-exec-1] Updated SecurityContextHolder to contain null Authentication
2021-09-11 22:30:51,188 DEBUG c.e.d.s.JWTAuthenticationFilter [http-nio-8080-exec-1] Delegating to authentication failure handler org.springframework.security.web.authentication.SimpleUrlAuthenticationFailureHandler@2046f0b8
